<?xml version="1.0" encoding="UTF-8"?>
<testsuite xmlns:xsi="http://www.w3.org/2001/XMLSchema-instance" xsi:noNamespaceSchemaLocation="https://maven.apache.org/surefire/maven-surefire-plugin/xsd/surefire-test-report.xsd" name="runners.SmokeRunner" time="3.286" tests="0" errors="0" skipped="0" failures="0">
  <properties>
    <property name="java.specification.version" value="17"/>
    <property name="sun.jnu.encoding" value="UTF-8"/>
    <property name="java.class.path" value="/Users/umakevicc/IdeaProjects/Fall2021/target/test-classes:/Users/umakevicc/IdeaProjects/Fall2021/target/classes:/Users/umakevicc/.m2/repository/junit/junit/4.13.2/junit-4.13.2.jar:/Users/umakevicc/.m2/repository/org/hamcrest/hamcrest-core/1.3/hamcrest-core-1.3.jar:/Users/umakevicc/.m2/repository/io/cucumber/cucumber-java/7.2.2/cucumber-java-7.2.2.jar:/Users/umakevicc/.m2/repository/io/cucumber/cucumber-core/7.2.2/cucumber-core-7.2.2.jar:/Users/umakevicc/.m2/repository/io/cucumber/cucumber-gherkin/7.2.2/cucumber-gherkin-7.2.2.jar:/Users/umakevicc/.m2/repository/io/cucumber/cucumber-gherkin-messages/7.2.2/cucumber-gherkin-messages-7.2.2.jar:/Users/umakevicc/.m2/repository/io/cucumber/messages/17.1.1/messages-17.1.1.jar:/Users/umakevicc/.m2/repository/io/cucumber/tag-expressions/4.1.0/tag-expressions-4.1.0.jar:/Users/umakevicc/.m2/repository/io/cucumber/cucumber-expressions/15.0.1/cucumber-expressions-15.0.1.jar:/Users/umakevicc/.m2/repository/io/cucumber/datatable/7.2.2/datatable-7.2.2.jar:/Users/umakevicc/.m2/repository/io/cucumber/cucumber-plugin/7.2.2/cucumber-plugin-7.2.2.jar:/Users/umakevicc/.m2/repository/io/cucumber/docstring/7.2.2/docstring-7.2.2.jar:/Users/umakevicc/.m2/repository/io/cucumber/html-formatter/17.0.0/html-formatter-17.0.0.jar:/Users/umakevicc/.m2/repository/io/cucumber/ci-environment/8.1.0/ci-environment-8.1.0.jar:/Users/umakevicc/.m2/repository/org/apiguardian/apiguardian-api/1.1.2/apiguardian-api-1.1.2.jar:/Users/umakevicc/.m2/repository/io/cucumber/cucumber-junit/7.2.2/cucumber-junit-7.2.2.jar:/Users/umakevicc/.m2/repository/org/junit/jupiter/junit-jupiter-api/5.8.2/junit-jupiter-api-5.8.2.jar:/Users/umakevicc/.m2/repository/org/opentest4j/opentest4j/1.2.0/opentest4j-1.2.0.jar:/Users/umakevicc/.m2/repository/org/junit/platform/junit-platform-commons/1.8.2/junit-platform-commons-1.8.2.jar:"/>
    <property name="java.vm.vendor" value="Homebrew"/>
    <property name="sun.arch.data.model" value="64"/>
    <property name="java.vendor.url" value="https://github.com/Homebrew/homebrew-core/issues"/>
    <property name="os.name" value="Mac OS X"/>
    <property name="java.vm.specification.version" value="17"/>
    <property name="sun.java.launcher" value="SUN_STANDARD"/>
    <property name="user.country" value="KG"/>
    <property name="sun.boot.library.path" value="/opt/homebrew/Cellar/openjdk/17.0.2/libexec/openjdk.jdk/Contents/Home/lib"/>
    <property name="sun.java.command" value="/Users/umakevicc/IdeaProjects/Fall2021/target/surefire/surefirebooter12383718115373452466.jar /Users/umakevicc/IdeaProjects/Fall2021/target/surefire 2022-02-19T12-14-49_068-jvmRun1 surefire3023459962660710363tmp surefire_08170431697491121248tmp"/>
    <property name="http.nonProxyHosts" value="local|*.local|169.254/16|*.169.254/16"/>
    <property name="jdk.debug" value="release"/>
    <property name="surefire.test.class.path" value="/Users/umakevicc/IdeaProjects/Fall2021/target/test-classes:/Users/umakevicc/IdeaProjects/Fall2021/target/classes:/Users/umakevicc/.m2/repository/junit/junit/4.13.2/junit-4.13.2.jar:/Users/umakevicc/.m2/repository/org/hamcrest/hamcrest-core/1.3/hamcrest-core-1.3.jar:/Users/umakevicc/.m2/repository/io/cucumber/cucumber-java/7.2.2/cucumber-java-7.2.2.jar:/Users/umakevicc/.m2/repository/io/cucumber/cucumber-core/7.2.2/cucumber-core-7.2.2.jar:/Users/umakevicc/.m2/repository/io/cucumber/cucumber-gherkin/7.2.2/cucumber-gherkin-7.2.2.jar:/Users/umakevicc/.m2/repository/io/cucumber/cucumber-gherkin-messages/7.2.2/cucumber-gherkin-messages-7.2.2.jar:/Users/umakevicc/.m2/repository/io/cucumber/messages/17.1.1/messages-17.1.1.jar:/Users/umakevicc/.m2/repository/io/cucumber/tag-expressions/4.1.0/tag-expressions-4.1.0.jar:/Users/umakevicc/.m2/repository/io/cucumber/cucumber-expressions/15.0.1/cucumber-expressions-15.0.1.jar:/Users/umakevicc/.m2/repository/io/cucumber/datatable/7.2.2/datatable-7.2.2.jar:/Users/umakevicc/.m2/repository/io/cucumber/cucumber-plugin/7.2.2/cucumber-plugin-7.2.2.jar:/Users/umakevicc/.m2/repository/io/cucumber/docstring/7.2.2/docstring-7.2.2.jar:/Users/umakevicc/.m2/repository/io/cucumber/html-formatter/17.0.0/html-formatter-17.0.0.jar:/Users/umakevicc/.m2/repository/io/cucumber/ci-environment/8.1.0/ci-environment-8.1.0.jar:/Users/umakevicc/.m2/repository/org/apiguardian/apiguardian-api/1.1.2/apiguardian-api-1.1.2.jar:/Users/umakevicc/.m2/repository/io/cucumber/cucumber-junit/7.2.2/cucumber-junit-7.2.2.jar:/Users/umakevicc/.m2/repository/org/junit/jupiter/junit-jupiter-api/5.8.2/junit-jupiter-api-5.8.2.jar:/Users/umakevicc/.m2/repository/org/opentest4j/opentest4j/1.2.0/opentest4j-1.2.0.jar:/Users/umakevicc/.m2/repository/org/junit/platform/junit-platform-commons/1.8.2/junit-platform-commons-1.8.2.jar:"/>
    <property name="sun.cpu.endian" value="little"/>
    <property name="user.home" value="/Users/umakevicc"/>
    <property name="user.language" value="en"/>
    <property name="java.specification.vendor" value="Oracle Corporation"/>
    <property name="java.version.date" value="2022-01-18"/>
    <property name="java.home" value="/opt/homebrew/Cellar/openjdk/17.0.2/libexec/openjdk.jdk/Contents/Home"/>
    <property name="file.separator" value="/"/>
    <property name="basedir" value="/Users/umakevicc/IdeaProjects/Fall2021"/>
    <property name="java.vm.compressedOopsMode" value="Zero based"/>
    <property name="line.separator" value="&#10;"/>
    <property name="java.specification.name" value="Java Platform API Specification"/>
    <property name="java.vm.specification.vendor" value="Oracle Corporation"/>
    <property name="surefire.real.class.path" value="/Users/umakevicc/IdeaProjects/Fall2021/target/surefire/surefirebooter12383718115373452466.jar"/>
    <property name="sun.management.compiler" value="HotSpot 64-Bit Tiered Compilers"/>
    <property name="ftp.nonProxyHosts" value="local|*.local|169.254/16|*.169.254/16"/>
    <property name="java.runtime.version" value="17.0.2+0"/>
    <property name="user.name" value="umakevicc"/>
    <property name="path.separator" value=":"/>
    <property name="os.version" value="12.1"/>
    <property name="java.runtime.name" value="OpenJDK Runtime Environment"/>
    <property name="file.encoding" value="UTF-8"/>
    <property name="java.vm.name" value="OpenJDK 64-Bit Server VM"/>
    <property name="java.vendor.version" value="Homebrew"/>
    <property name="localRepository" value="/Users/umakevicc/.m2/repository"/>
    <property name="java.vendor.url.bug" value="https://github.com/Homebrew/homebrew-core/issues"/>
    <property name="java.io.tmpdir" value="/var/folders/ht/7mnfzhls1x54b2hx2x7bx6jw0000gn/T/"/>
    <property name="java.version" value="17.0.2"/>
    <property name="user.dir" value="/Users/umakevicc/IdeaProjects/Fall2021"/>
    <property name="os.arch" value="aarch64"/>
    <property name="java.vm.specification.name" value="Java Virtual Machine Specification"/>
    <property name="native.encoding" value="UTF-8"/>
    <property name="java.library.path" value="/Users/umakevicc/Library/Java/Extensions:/Library/Java/Extensions:/Network/Library/Java/Extensions:/System/Library/Java/Extensions:/usr/lib/java:."/>
    <property name="java.vm.info" value="mixed mode, sharing"/>
    <property name="java.vendor" value="Homebrew"/>
    <property name="java.vm.version" value="17.0.2+0"/>
    <property name="sun.io.unicode.encoding" value="UnicodeBig"/>
    <property name="socksNonProxyHosts" value="local|*.local|169.254/16|*.169.254/16"/>
    <property name="java.class.version" value="61.0"/>
  </properties>
</testsuite>